<?xml version="1.0" encoding="UTF-8"?>
<testng-results skipped="0" failed="0" total="1" passed="1">
  <reporter-output>
  </reporter-output>
  <suite name="Suite" duration-ms="11832" started-at="2017-08-31T10:50:08Z" finished-at="2017-08-31T10:50:19Z">
    <groups>
      <group name="cucumber">
        <method signature="AbstractTestNGCucumberTests.feature(cucumber.api.testng.CucumberFeatureWrapper)[pri:0, instance:dataTable.MdataTableRunnerTNG@2cab93ac]" name="feature" class="cucumber.api.testng.AbstractTestNGCucumberTests"/>
      </group> <!-- cucumber -->
    </groups>
    <test name="Test" duration-ms="11832" started-at="2017-08-31T10:50:08Z" finished-at="2017-08-31T10:50:19Z">
      <class name="dataTable.MdataTableRunnerTNG">
        <test-method status="PASS" signature="setUpClass()[pri:0, instance:dataTable.MdataTableRunnerTNG@2cab93ac]" name="setUpClass" is-config="true" duration-ms="287" started-at="2017-08-31T16:20:08Z" finished-at="2017-08-31T16:20:08Z">
          <reporter-output>
          </reporter-output>
        </test-method> <!-- setUpClass -->
        <test-method status="PASS" signature="feature(cucumber.api.testng.CucumberFeatureWrapper)[pri:0, instance:dataTable.MdataTableRunnerTNG@2cab93ac]" name="feature" duration-ms="11290" started-at="2017-08-31T16:20:08Z" description="Runs Cucumber Feature" data-provider="features" finished-at="2017-08-31T16:20:19Z">
          <params>
            <param index="0">
              <value>
                <![CDATA[Google Testing]]>
              </value>
            </param>
          </params>
          <reporter-output>
          </reporter-output>
        </test-method> <!-- feature -->
        <test-method status="PASS" signature="tearDownClass()[pri:0, instance:dataTable.MdataTableRunnerTNG@2cab93ac]" name="tearDownClass" is-config="true" duration-ms="152" started-at="2017-08-31T16:20:19Z" finished-at="2017-08-31T16:20:19Z">
          <reporter-output>
          </reporter-output>
        </test-method> <!-- tearDownClass -->
      </class> <!-- dataTable.MdataTableRunnerTNG -->
    </test> <!-- Test -->
  </suite> <!-- Suite -->
</testng-results>
