<?xml version="1.0" encoding="UTF-8"?>
<!-- Generated by org.testng.reporters.JUnitXMLReporter -->
<testsuite hostname="DEL1-DHP-31551" name="test" tests="6" failures="0" timestamp="19 Jan 2016 07:52:51 GMT" time="406.384" errors="0">
  <testcase name="TC1_Login" time="88.21" classname="TestSuites.TestSuite_1"/>
  <testcase name="TC1_SearchTerm" time="29.419" classname="TestSuites.TestSuite_1"/>
  <testcase name="TS2_Result" time="0.0" classname="TestSuites.TestSuite_1"/>
  <testcase name="TC2_Login" time="61.473" classname="TestSuites.TestSuite_2"/>
  <testcase name="TC2_SearchTerm" time="29.131" classname="TestSuites.TestSuite_2"/>
  <testcase name="TS2_Result" time="0.001" classname="TestSuites.TestSuite_2"/>
</testsuite> <!-- test -->
