<?xml version="1.0" encoding="UTF-8"?>
<!-- Generated by org.testng.reporters.JUnitXMLReporter -->
<testsuite hostname="DEL1-DHP-31551" name="Windows / Firefox" tests="1" failures="1" timestamp="30 Jun 2015 07:52:07 GMT" time="53.994" errors="0">
  <testcase name="FF" time="45.112" classname="POM.SGrid">
    <failure type="org.openqa.selenium.NoSuchElementException" message="Unable to locate element: {&amp;quot;method&amp;quot;:&amp;quot;id&amp;quot;,&amp;quot;selector&amp;quot;:&amp;quot;gbqfq&amp;quot;}
Command duration or timeout: 30.95 seconds
For documentation on this error, please visit: http://seleniumhq.org/exceptions/no_such_element.html
Build info: version: &amp;apos;2.39.0&amp;apos;, revision: &amp;apos;ff23eac&amp;apos;, time: &amp;apos;2013-12-16 16:11:15&amp;apos;
System info: host: &amp;apos;DEL1-DHP-31551&amp;apos;, ip: &amp;apos;10.27.1.162&amp;apos;, os.name: &amp;apos;Windows 7&amp;apos;, os.arch: &amp;apos;amd64&amp;apos;, os.version: &amp;apos;6.1&amp;apos;, java.version: &amp;apos;1.7.0_51&amp;apos;
Session ID: 9d1de6cc-20af-4b40-b2ed-47c0acebedf3
Driver info: org.openqa.selenium.firefox.FirefoxDriver
Capabilities [{platform=XP, acceptSslCerts=true, javascriptEnabled=true, cssSelectorsEnabled=true, databaseEnabled=true, browserName=firefox, handlesAlerts=true, browserConnectionEnabled=true, webStorageEnabled=true, nativeEvents=false, rotatable=false, locationContextEnabled=true, applicationCacheEnabled=true, takesScreenshot=true, version=20.0}]
Command duration or timeout: 35.48 seconds
For documentation on this error, please visit: http://seleniumhq.org/exceptions/no_such_element.html
Build info: version: &amp;apos;2.44.0&amp;apos;, revision: &amp;apos;76d78cf&amp;apos;, time: &amp;apos;2014-10-23 20:03:00&amp;apos;
System info: host: &amp;apos;DEL1-DHP-31551&amp;apos;, ip: &amp;apos;10.27.1.162&amp;apos;, os.name: &amp;apos;Windows 7&amp;apos;, os.arch: &amp;apos;amd64&amp;apos;, os.version: &amp;apos;6.1&amp;apos;, java.version: &amp;apos;1.7.0_51&amp;apos;
Session ID: 15ca1b75-f13a-4e94-a453-76799cad4dec
Driver info: org.openqa.selenium.remote.RemoteWebDriver
Capabilities [{platform=XP, javascriptEnabled=true, acceptSslCerts=true, browserName=firefox, rotatable=false, locationContextEnabled=true, webdriver.remote.sessionid=15ca1b75-f13a-4e94-a453-76799cad4dec, version=20.0, databaseEnabled=true, cssSelectorsEnabled=true, handlesAlerts=true, browserConnectionEnabled=true, nativeEvents=false, webStorageEnabled=true, applicationCacheEnabled=true, takesScreenshot=true}]">
      <![CDATA[org.openqa.selenium.NoSuchElementException: Unable to locate element: {"method":"id","selector":"gbqfq"}
Command duration or timeout: 30.95 seconds
For documentation on this error, please visit: http://seleniumhq.org/exceptions/no_such_element.html
Build info: version: '2.39.0', revision: 'ff23eac', time: '2013-12-16 16:11:15'
System info: host: 'DEL1-DHP-31551', ip: '10.27.1.162', os.name: 'Windows 7', os.arch: 'amd64', os.version: '6.1', java.version: '1.7.0_51'
Session ID: 9d1de6cc-20af-4b40-b2ed-47c0acebedf3
Driver info: org.openqa.selenium.firefox.FirefoxDriver
Capabilities [{platform=XP, acceptSslCerts=true, javascriptEnabled=true, cssSelectorsEnabled=true, databaseEnabled=true, browserName=firefox, handlesAlerts=true, browserConnectionEnabled=true, webStorageEnabled=true, nativeEvents=false, rotatable=false, locationContextEnabled=true, applicationCacheEnabled=true, takesScreenshot=true, version=20.0}]
Command duration or timeout: 35.48 seconds
For documentation on this error, please visit: http://seleniumhq.org/exceptions/no_such_element.html
Build info: version: '2.44.0', revision: '76d78cf', time: '2014-10-23 20:03:00'
System info: host: 'DEL1-DHP-31551', ip: '10.27.1.162', os.name: 'Windows 7', os.arch: 'amd64', os.version: '6.1', java.version: '1.7.0_51'
Session ID: 15ca1b75-f13a-4e94-a453-76799cad4dec
Driver info: org.openqa.selenium.remote.RemoteWebDriver
Capabilities [{platform=XP, javascriptEnabled=true, acceptSslCerts=true, browserName=firefox, rotatable=false, locationContextEnabled=true, webdriver.remote.sessionid=15ca1b75-f13a-4e94-a453-76799cad4dec, version=20.0, databaseEnabled=true, cssSelectorsEnabled=true, handlesAlerts=true, browserConnectionEnabled=true, nativeEvents=false, webStorageEnabled=true, applicationCacheEnabled=true, takesScreenshot=true}]
	at org.openqa.selenium.remote.ErrorHandler.createThrowable(ErrorHandler.java:204)
	at org.openqa.selenium.remote.ErrorHandler.throwIfResponseFailed(ErrorHandler.java:156)
	at org.openqa.selenium.remote.RemoteWebDriver.execute(RemoteWebDriver.java:599)
	at org.openqa.selenium.remote.RemoteWebDriver.findElement(RemoteWebDriver.java:352)
	at org.openqa.selenium.remote.RemoteWebDriver.findElementById(RemoteWebDriver.java:393)
	at org.openqa.selenium.By$ById.findElement(By.java:214)
	at org.openqa.selenium.remote.RemoteWebDriver.findElement(RemoteWebDriver.java:344)
	at POM.SGrid.FF(SGrid.java:39)
	at java.util.concurrent.FutureTask.run(Unknown Source)
	at java.util.concurrent.ThreadPoolExecutor.runWorker(Unknown Source)
	at java.util.concurrent.ThreadPoolExecutor$Worker.run(Unknown Source)
	at java.lang.Thread.run(Unknown Source)
Caused by: org.openqa.selenium.remote.ScreenshotException: Screen shot has been taken
Build info: version: '2.44.0', revision: '76d78cf', time: '2014-10-23 20:03:00'
System info: host: 'DEL1-DHP-31551', ip: '10.27.1.162', os.name: 'Windows 7', os.arch: 'amd64', os.version: '6.1', java.version: '1.7.0_51'
Driver info: driver.version: RemoteWebDriver
	at org.openqa.selenium.remote.ErrorHandler.throwIfResponseFailed(ErrorHandler.java:136)
	... 26 more
Caused by: org.openqa.selenium.NoSuchElementException: Unable to locate element: {"method":"id","selector":"gbqfq"}
Command duration or timeout: 30.95 seconds
For documentation on this error, please visit: http://seleniumhq.org/exceptions/no_such_element.html
Build info: version: '2.39.0', revision: 'ff23eac', time: '2013-12-16 16:11:15'
System info: host: 'DEL1-DHP-31551', ip: '10.27.1.162', os.name: 'Windows 7', os.arch: 'amd64', os.version: '6.1', java.version: '1.7.0_51'
Session ID: 9d1de6cc-20af-4b40-b2ed-47c0acebedf3
Driver info: org.openqa.selenium.firefox.FirefoxDriver
Capabilities [{platform=XP, acceptSslCerts=true, javascriptEnabled=true, cssSelectorsEnabled=true, databaseEnabled=true, browserName=firefox, handlesAlerts=true, browserConnectionEnabled=true, webStorageEnabled=true, nativeEvents=false, rotatable=false, locationContextEnabled=true, applicationCacheEnabled=true, takesScreenshot=true, version=20.0}]
For documentation on this error, please visit: http://seleniumhq.org/exceptions/no_such_element.html
Build info: version: '2.44.0', revision: '76d78cf', time: '2014-10-23 20:03:00'
System info: host: 'DEL1-DHP-31551', ip: '10.27.1.162', os.name: 'Windows 7', os.arch: 'amd64', os.version: '6.1', java.version: '1.7.0_51'
Driver info: driver.version: EventFiringWebDriver
	at org.openqa.selenium.remote.ErrorHandler.createThrowable(ErrorHandler.java:193)
	at org.openqa.selenium.remote.ErrorHandler.throwIfResponseFailed(ErrorHandler.java:145)
	at org.openqa.selenium.remote.RemoteWebDriver.execute(RemoteWebDriver.java:554)
	at org.openqa.selenium.remote.RemoteWebDriver.findElement(RemoteWebDriver.java:307)
	at org.openqa.selenium.remote.RemoteWebDriver.findElementById(RemoteWebDriver.java:348)
	at org.openqa.selenium.By$ById.findElement(By.java:220)
	at org.openqa.selenium.remote.RemoteWebDriver.findElement(RemoteWebDriver.java:299)
	at org.openqa.selenium.support.events.EventFiringWebDriver$2.invoke(EventFiringWebDriver.java:101)
	at com.sun.proxy.$Proxy2.findElement(Unknown Source)
	at org.openqa.selenium.support.events.EventFiringWebDriver.findElement(EventFiringWebDriver.java:184)
	at org.openqa.selenium.remote.server.handler.FindElement.call(FindElement.java:47)
	at org.openqa.selenium.remote.server.handler.FindElement.call(FindElement.java:1)
	at java.util.concurrent.FutureTask.run(Unknown Source)
	at org.openqa.selenium.remote.server.DefaultSession$1.run(DefaultSession.java:170)
	... 3 more
... Removed 28 stack frames]]>
    </failure>
  </testcase> <!-- FF -->
</testsuite> <!-- Windows / Firefox -->
